<?xml version="1.0" encoding="UTF-8"?>
<coverage generated="1691628293149" clover="3.2.0">
  <project timestamp="1691628293149" name="All files">
    <metrics statements="13" coveredstatements="11" conditionals="4" coveredconditionals="3" methods="10" coveredmethods="6" elements="27" coveredelements="20" complexity="0" loc="13" ncloc="13" packages="1" files="1" classes="1"/>
    <file name="commentsCounter.js" path="C:\Users\Kamilio\Desktop\module2\Capstone-Project2\src\modules\commentsCounter.js">
      <metrics statements="13" coveredstatements="11" conditionals="4" coveredconditionals="3" methods="10" coveredmethods="6"/>
      <line num="2" count="1" type="stmt"/>
      <line num="3" count="1" type="stmt"/>
      <line num="4" count="1" type="stmt"/>
      <line num="5" count="1" type="stmt"/>
      <line num="8" count="1" type="stmt"/>
      <line num="9" count="1" type="stmt"/>
      <line num="12" count="1" type="stmt"/>
      <line num="14" count="1" type="cond" truecount="1" falsecount="1"/>
      <line num="15" count="0" type="stmt"/>
      <line num="17" count="1" type="stmt"/>
      <line num="19" count="0" type="stmt"/>
      <line num="20" count="1" type="stmt"/>
      <line num="30" count="1" type="cond" truecount="2" falsecount="0"/>
    </file>
  </project>
</coverage>
