{"C:\\Users\\Kamilio\\Desktop\\module2\\Capstone-Project2\\src\\modules\\commentsCounter.js": {"path":"C:\\Users\\Kamilio\\Desktop\\module2\\Capstone-Project2\\src\\modules\\commentsCounter.js","statementMap":{"0":{"start":{"line":2,"column":24},"end":{"line":6,"column":1}},"1":{"start":{"line":3,"column":15},"end":{"line":3,"column":39}},"2":{"start":{"line":4,"column":22},"end":{"line":4,"column":63}},"3":{"start":{"line":5,"column":2},"end":{"line":5,"column":14}},"4":{"start":{"line":8,"column":19},"end":{"line":21,"column":1}},"5":{"start":{"line":9,"column":15},"end":{"line":19,"column":24}},"6":{"start":{"line":12,"column":19},"end":{"line":12,"column":29}},"7":{"start":{"line":14,"column":6},"end":{"line":16,"column":7}},"8":{"start":{"line":15,"column":8},"end":{"line":15,"column":18}},"9":{"start":{"line":17,"column":6},"end":{"line":17,"column":18}},"10":{"start":{"line":19,"column":20},"end":{"line":19,"column":23}},"11":{"start":{"line":20,"column":2},"end":{"line":20,"column":14}},"12":{"start":{"line":30,"column":38},"end":{"line":30,"column":36876}},"13":{"start":{"line":30,"column":42},"end":{"line":30,"column":36865}},"14":{"start":{"line":30,"column":36901},"end":{"line":30,"column":36941}},"15":{"start":{"line":30,"column":36905},"end":{"line":30,"column":36930}},"16":{"start":{"line":30,"column":36942},"end":{"line":30,"column":36950}},"17":{"start":{"line":30,"column":36975},"end":{"line":30,"column":37017}},"18":{"start":{"line":30,"column":36979},"end":{"line":30,"column":37006}},"19":{"start":{"line":30,"column":37018},"end":{"line":30,"column":37026}},"20":{"start":{"line":30,"column":37045},"end":{"line":30,"column":37082}},"21":{"start":{"line":30,"column":37049},"end":{"line":30,"column":37071}},"22":{"start":{"line":30,"column":37101},"end":{"line":30,"column":37141}},"23":{"start":{"line":30,"column":37105},"end":{"line":30,"column":37130}}},"fnMap":{"0":{"name":"(anonymous_0)","decl":{"start":{"line":2,"column":24},"end":{"line":2,"column":25}},"loc":{"start":{"line":2,"column":42},"end":{"line":6,"column":1}},"line":2},"1":{"name":"(anonymous_1)","decl":{"start":{"line":8,"column":19},"end":{"line":8,"column":20}},"loc":{"start":{"line":8,"column":37},"end":{"line":21,"column":1}},"line":8},"2":{"name":"(anonymous_2)","decl":{"start":{"line":12,"column":10},"end":{"line":12,"column":11}},"loc":{"start":{"line":12,"column":19},"end":{"line":12,"column":29}},"line":12},"3":{"name":"(anonymous_3)","decl":{"start":{"line":13,"column":10},"end":{"line":13,"column":11}},"loc":{"start":{"line":13,"column":20},"end":{"line":18,"column":5}},"line":13},"4":{"name":"(anonymous_4)","decl":{"start":{"line":19,"column":11},"end":{"line":19,"column":12}},"loc":{"start":{"line":19,"column":20},"end":{"line":19,"column":23}},"line":19},"5":{"name":"oo_cm","decl":{"start":{"line":30,"column":30},"end":{"line":30,"column":35}},"loc":{"start":{"line":30,"column":37},"end":{"line":30,"column":36877}},"line":30},"6":{"name":"oo_oo","decl":{"start":{"line":30,"column":36887},"end":{"line":30,"column":36892}},"loc":{"start":{"line":30,"column":36900},"end":{"line":30,"column":36951}},"line":30},"7":{"name":"oo_tr","decl":{"start":{"line":30,"column":36961},"end":{"line":30,"column":36966}},"loc":{"start":{"line":30,"column":36974},"end":{"line":30,"column":37027}},"line":30},"8":{"name":"oo_ts","decl":{"start":{"line":30,"column":37037},"end":{"line":30,"column":37042}},"loc":{"start":{"line":30,"column":37044},"end":{"line":30,"column":37083}},"line":30},"9":{"name":"oo_te","decl":{"start":{"line":30,"column":37093},"end":{"line":30,"column":37098}},"loc":{"start":{"line":30,"column":37100},"end":{"line":30,"column":37142}},"line":30}},"branchMap":{"0":{"loc":{"start":{"line":14,"column":6},"end":{"line":16,"column":7}},"type":"if","locations":[{"start":{"line":14,"column":6},"end":{"line":16,"column":7}},{"start":{},"end":{}}],"line":14},"1":{"loc":{"start":{"line":30,"column":49},"end":{"line":30,"column":36864}},"type":"binary-expr","locations":[{"start":{"line":30,"column":49},"end":{"line":30,"column":86}},{"start":{"line":30,"column":90},"end":{"line":30,"column":36864}}],"line":30}},"s":{"0":1,"1":1,"2":1,"3":1,"4":1,"5":1,"6":1,"7":1,"8":0,"9":1,"10":0,"11":1,"12":1,"13":1,"14":1,"15":1,"16":1,"17":0,"18":0,"19":0,"20":0,"21":0,"22":0,"23":0},"f":{"0":1,"1":1,"2":1,"3":1,"4":0,"5":1,"6":1,"7":0,"8":0,"9":0},"b":{"0":[0,1],"1":[1,1]},"_coverageSchema":"1a1c01bbd47fc00a2c39e90264f33305004495a9","hash":"262a3dae006ac59918bfbae0cf979d5804e83a9b"}
}
